0 info it worked if it ends with ok
1 verbose cli [ '/usr/local/bin/node',
1 verbose cli   '/usr/local/bin/npm',
1 verbose cli   'version',
1 verbose cli   '3.40.0' ]
2 info using npm@3.8.3
3 info using node@v5.10.1
4 info git [ 'status', '--porcelain' ]
5 verbose stack Error: Git working directory not clean.
5 verbose stack M Gruntfile.js
5 verbose stack M README.md
5 verbose stack M lasso.js
5 verbose stack M lasso.min.js
5 verbose stack M lasso.min.test.js
5 verbose stack D src/lasso.between.js
5 verbose stack D src/lasso.camelCase.js
5 verbose stack D src/lasso.chain.js
5 verbose stack D src/lasso.differentWords.js
5 verbose stack D src/lasso.distance.js
5 verbose stack D src/lasso.fuzzy.js
5 verbose stack D src/lasso.group.js
5 verbose stack D src/lasso.indexesOf.js
5 verbose stack M src/lasso.js
5 verbose stack D src/lasso.matchType.js
5 verbose stack D src/lasso.sameWords.js
5 verbose stack D src/lasso.splice.js
5 verbose stack D src/lasso.template.js
5 verbose stack D src/lasso.toChar.js
5 verbose stack D src/lasso.toCharCode.js
5 verbose stack D src/lasso.toCurrency.js
5 verbose stack D src/lasso.trimEnd.js
5 verbose stack D src/lasso.trimStart.js
5 verbose stack     at /usr/local/lib/node_modules/npm/lib/version.js:246:19
5 verbose stack     at ChildProcess.exithandler (child_process.js:193:7)
5 verbose stack     at emitTwo (events.js:100:13)
5 verbose stack     at ChildProcess.emit (events.js:185:7)
5 verbose stack     at maybeClose (internal/child_process.js:850:16)
5 verbose stack     at Socket.<anonymous> (internal/child_process.js:323:11)
5 verbose stack     at emitOne (events.js:90:13)
5 verbose stack     at Socket.emit (events.js:182:7)
5 verbose stack     at Pipe._onclose (net.js:475:12)
6 verbose cwd /Users/sean/Dropbox/projects/lasso
7 error Darwin 15.5.0
8 error argv "/usr/local/bin/node" "/usr/local/bin/npm" "version" "3.40.0"
9 error node v5.10.1
10 error npm  v3.8.3
11 error Git working directory not clean.
11 error M Gruntfile.js
11 error M README.md
11 error M lasso.js
11 error M lasso.min.js
11 error M lasso.min.test.js
11 error D src/lasso.between.js
11 error D src/lasso.camelCase.js
11 error D src/lasso.chain.js
11 error D src/lasso.differentWords.js
11 error D src/lasso.distance.js
11 error D src/lasso.fuzzy.js
11 error D src/lasso.group.js
11 error D src/lasso.indexesOf.js
11 error M src/lasso.js
11 error D src/lasso.matchType.js
11 error D src/lasso.sameWords.js
11 error D src/lasso.splice.js
11 error D src/lasso.template.js
11 error D src/lasso.toChar.js
11 error D src/lasso.toCharCode.js
11 error D src/lasso.toCurrency.js
11 error D src/lasso.trimEnd.js
11 error D src/lasso.trimStart.js
12 error If you need help, you may report this error at:
12 error     <https://github.com/npm/npm/issues>
13 verbose exit [ 1, true ]
